<?xml version="1.0" encoding="UTF-8"?>
<!-- Generated by org.testng.reporters.JUnitXMLReporter -->
<testsuite ignored="0" hostname="Advik" failures="0" tests="10" name="Default test" time="118.922" errors="0" timestamp="2025-02-17T16:12:30 SGT">
  <testcase classname="com.todo.qa.testcases.HomePageTest" name="HomePageTitleTest" time="0.038"/>
  <testcase classname="com.todo.qa.testcases.HomePageTest" name="todoboxDisplayedTest" time="0.182"/>
  <testcase classname="com.todo.qa.testcases.HomePageTest" name="createToDoListTest" time="4.707"/>
  <testcase classname="com.todo.qa.testcases.HomePageTest" name="verifyToDoListTest" time="1.661"/>
  <testcase classname="com.todo.qa.testcases.HomePageTest" name="editToDoListTest" time="3.328"/>
  <testcase classname="com.todo.qa.testcases.HomePageTest" name="deleteToDotaskTest" time="2.922"/>
  <testcase classname="com.todo.qa.testcases.HomePageTest" name="markTaskAsCompletedTest" time="3.183"/>
  <testcase classname="com.todo.qa.testcases.HomePageTest" name="verifyTaskMarkedAsCompletedTest" time="5.561"/>
  <testcase classname="com.todo.qa.testcases.HomePageTest" name="verifyActiveTabTest" time="10.883"/>
  <testcase classname="com.todo.qa.testcases.HomePageTest" name="verifyCompletedTabTest" time="4.206"/>
</testsuite> <!-- Default test -->
