<?xml version="1.0" encoding="UTF-8"?>
<!-- Generated by org.testng.reporters.JUnitXMLReporter -->
<testsuite ignored="0" hostname="Advik" failures="0" tests="10" name="Todo MVC App Test Cases" time="140.707" errors="0" timestamp="2025-02-17T19:00:01 SGT">
  <testcase classname="com.todo.qa.testcases.HomePageTest" name="HomePageTitleTest" time="0.068"/>
  <testcase classname="com.todo.qa.testcases.HomePageTest" name="createToDoListTest" time="4.681"/>
  <testcase classname="com.todo.qa.testcases.HomePageTest" name="deleteToDotaskTest" time="3.877"/>
  <testcase classname="com.todo.qa.testcases.HomePageTest" name="editToDoListTest" time="3.552"/>
  <testcase classname="com.todo.qa.testcases.HomePageTest" name="markTaskAsCompletedTest" time="5.909"/>
  <testcase classname="com.todo.qa.testcases.HomePageTest" name="todoboxDisplayedTest" time="0.127"/>
  <testcase classname="com.todo.qa.testcases.HomePageTest" name="verifyActiveTabTest" time="14.676"/>
  <testcase classname="com.todo.qa.testcases.HomePageTest" name="verifyCompletedTabTest" time="5.434"/>
  <testcase classname="com.todo.qa.testcases.HomePageTest" name="verifyTaskMarkedAsCompletedTest" time="5.891"/>
  <testcase classname="com.todo.qa.testcases.HomePageTest" name="verifyToDoListTest" time="1.301"/>
</testsuite> <!-- Todo MVC App Test Cases -->
